0.562506,0.319885,-1
0.89305,0.534205,1
0.699801,0.903005,1
0.602471,0.308963,-1
0.849585,0.206773,1
0.536883,0.718668,-1
0.65803,0.247795,-1
0.382993,0.791507,1
0.626486,0.104259,1
0.415266,0.664444,-1
0.813611,0.335596,1
0.813284,0.242412,1
0.127456,0.369772,1
0.0874922,0.432283,1
0.195231,0.377861,1
0.575761,0.620225,-1
0.440975,0.640834,-1
0.221685,0.474767,-1
0.791492,0.7077,1
0.0756822,0.54464,1
0.315358,0.12118,1
0.44786,0.729672,-1
0.803633,0.868551,1
0.314208,0.542568,-1
0.771557,0.199488,1
0.370932,0.727406,-1
0.266774,0.650326,-1
0.697479,0.5419,-1
0.867429,0.523983,1
0.494562,0.313686,-1
0.803483,0.44291,1
0.374239,0.333358,-1
0.793991,0.526305,-1
0.19056,0.351401,1
0.0273233,0.553892,1
0.953551,0.578207,1
0.67157,0.21523,1
0.806124,0.804035,1
0.858297,0.718722,1
0.555372,0.409636,-1
0.820322,0.859995,1
0.261144,0.629032,-1
0.470205,0.252544,-1
0.616345,0.660852,-1
0.53818,0.171478,1
0.305284,0.774423,1
0.224674,0.432498,-1
0.865688,0.715753,1
0.17352,0.447306,1
0.168333,0.844336,1
0.61156,0.420411,-1
0.165475,0.575479,1
0.6679,0.578863,-1
0.256442,0.723595,1
0.0847485,0.273867,1
0.589734,0.808654,1
0.445487,0.581199,-1
0.160238,0.572314,1
0.402785,0.82556,1
0.778209,0.495826,-1
0.308725,0.36666,-1
0.508191,0.484615,-1
0.464091,0.240209,-1
0.324257,0.136797,1
0.715172,0.531512,-1
0.902254,0.553337,1
0.23467,0.788677,1
0.598722,0.126278,1
0.500046,0.936301,1
0.305257,0.356338,-1
0.550834,0.813613,1
0.823179,0.815217,1
0.697203,0.353681,-1
0.809707,0.381701,1
0.698099,0.186326,1
0.819029,0.484222,1
0.329068,0.066816,1
0.969858,0.493434,1
0.338769,0.830088,1
0.613829,0.223195,-1
0.147275,0.447526,1
0.253465,0.625564,-1
0.31416,0.635403,-1
0.655965,0.315,-1
0.417491,0.619087,-1
0.474472,0.114552,1
0.632096,0.714096,-1
0.0243891,0.563571,1
0.0229483,0.574813,1
0.418168,0.545397,-1
0.491168,0.337448,-1
0.770027,0.38841,-1
0.644513,0.0830179,1
0.633474,0.824917,1
0.304511,0.366924,-1
0.923964,0.387412,1
0.400958,0.587394,-1
0.600756,0.706869,-1
0.432615,0.868826,1
0.247886,0.759434,1
0.284797,0.378378,-1
0.842338,0.18454,1
0.604393,0.718382,-1
0.772525,0.204822,1
0.608788,0.485317,-1
0.305363,0.758789,1
0.655378,0.481468,-1
0.613475,0.255056,-1
0.761275,0.553375,-1
0.799755,0.388957,1
0.0232862,0.421868,1
0.126893,0.669721,1
0.517354,0.518677,-1
0.151565,0.83328,1
0.66416,0.135474,1
0.63097,0.131499,1
0.725475,0.0648994,1
0.590135,0.384196,-1
0.454269,0.00704637,1
0.634089,0.497736,-1
0.573372,0.27228,-1
0.455466,0.634057,-1
0.398649,0.425152,-1
0.0948692,0.671658,1
0.524952,0.345862,-1
0.605614,0.817007,1
0.6363,0.36665,-1
0.467377,0.154235,1
0.209758,0.333416,1
0.495311,0.980173,1
0.888331,0.258725,1
0.369891,0.258909,-1
0.238561,0.135922,1
0.369972,0.903281,1
0.248935,0.177823,1
0.303191,0.601353,-1
0.753766,0.842585,1
0.237321,0.509383,-1
0.681123,0.779227,1
0.109008,0.543104,1
0.338449,0.650386,-1
0.105761,0.353331,1
0.390964,0.364314,-1
0.369164,0.411377,-1
0.486471,0.44893,-1
0.717132,0.582261,-1
0.909668,0.291942,1
0.52353,0.713749,-1
0.0583727,0.726416,1
0.888253,0.790384,1
0.518218,0.743943,-1
0.530111,0.853358,1
0.824042,0.690158,1
0.739216,0.709018,1
0.611863,0.427483,-1
0.137337,0.509108,1
0.317636,0.803114,1
0.66309,0.759575,1
0.523177,0.0669993,1
0.740653,0.503648,-1
0.27516,0.477284,-1
0.552044,0.0366591,1
0.564141,0.549075,-1
0.87443,0.537381,1
0.154259,0.349911,1
0.260172,0.824562,1
0.908742,0.244671,1
0.485338,0.0673075,1
0.549409,0.0416955,1
0.0294727,0.429036,1
0.499587,0.19592,1
0.661934,0.631972,-1
0.609156,0.0479896,1
0.159701,0.823344,1
0.631323,0.383875,-1
0.281973,0.420008,-1
0.224793,0.728502,1
0.89487,0.576661,1
0.650222,0.660089,-1
0.451993,0.106371,1
0.396564,0.329942,-1
0.890048,0.529135,1
0.512082,0.67779,-1
0.191659,0.118743,1
0.861218,0.823628,1
0.119886,0.740071,1
0.358692,0.681514,-1
0.460911,0.840473,1
0.112365,0.232292,1
0.807831,0.800731,1
0.505533,0.996812,1
0.331047,0.472322,-1
0.374572,0.0827396,1
0.660425,0.131199,1
0.622325,0.298316,-1
0.26715,0.62206,-1
0.450147,0.926978,1
0.690796,0.17856,1
0.341404,0.230164,1
0.362555,0.374705,-1
0.20421,0.549971,-1
0.389418,0.140181,1
0.52986,0.114147,1
0.189787,0.626299,1
0.29416,0.493155,-1
0.293278,0.156595,1
0.250654,0.511335,-1
0.0587395,0.48488,1
0.727302,0.516926,-1
0.625999,0.910059,1
0.856089,0.670625,1
0.0627574,0.577819,1
0.784327,0.264278,1
0.562153,0.346042,-1
0.764679,0.739263,1
0.640442,0.276127,-1
0.205997,0.556061,-1
0.83998,0.659858,1
0.510365,0.208615,-1
0.406739,0.0303844,1
0.596231,0.0874202,1
0.815577,0.304262,1
0.0732611,0.607826,1
0.861052,0.499576,1
0.825724,0.551937,1
0.601795,0.511933,-1
0.436645,0.591679,-1
0.696481,0.353888,-1
0.77133,0.118691,1
0.189958,0.474879,1
0.348539,0.610719,-1
0.745385,0.677372,1
0.238062,0.444529,-1
0.864381,0.36388,1
0.689209,0.326548,-1
0.464741,0.474475,-1
0.41628,0.65294,-1
0.685485,0.166352,1
0.954995,0.340267,1
0.655218,0.109479,1
0.442627,0.438282,-1
0.460247,0.604176,-1
0.975592,0.641287,1
0.783546,0.364327,1
0.880404,0.729591,1
0.737452,0.385815,-1
0.320861,0.550078,-1
0.263714,0.237402,1
0.055113,0.292825,1
0.799797,0.272137,1
0.325845,0.845173,1
0.861071,0.644191,1
0.201548,0.663922,1
0.161128,0.489575,1
0.5286,0.459095,-1
0.2092,0.479014,-1
0.270135,0.312657,-1
0.299119,0.47509,-1
0.118167,0.342002,1
0.699501,0.197376,1
0.425364,0.191273,1
0.0618624,0.308547,1
0.587662,0.832688,1
0.339817,0.571427,-1
0.431759,0.95603,1
0.137423,0.291084,1
0.587347,0.189523,1
0.729894,0.838896,1
0.506291,0.660401,-1
0.747649,0.163434,1
0.660604,0.205298,1
0.0985627,0.414942,1
0.718711,0.688715,-1
0.239956,0.283738,1
0.576657,0.345962,-1
0.671262,0.115298,1
0.0582599,0.304488,1
0.834527,0.833298,1
0.0436481,0.349043,1
0.949068,0.322399,1
0.305762,0.294688,-1
0.722492,0.226028,1
0.570692,0.980247,1
0.0931271,0.323527,1
0.629419,0.689006,-1
0.721342,0.177534,1
0.956844,0.598415,1
0.418458,0.114169,1
0.340094,0.661106,-1
0.374533,0.77269,1
0.411073,0.85587,1
0.201894,0.802014,1
0.805885,0.348214,1
0.541255,0.645873,-1
0.652183,0.7974,1
0.897527,0.678632,1
0.59085,0.973872,1
0.36683,0.330997,-1
0.72703,0.179362,1
0.463712,0.502474,-1
0.47148,0.563936,-1
0.537264,0.927468,1
0.134303,0.263801,1
0.437776,0.00897419,1
0.442631,0.554604,-1
0.314513,0.878119,1
0.651434,0.872893,1
0.259362,0.121461,1
0.478832,0.761552,-1
0.979377,0.629456,1
0.177599,0.45818,1
0.137651,0.424146,1
0.626316,0.456685,-1
0.0990189,0.531136,1
0.699126,0.823037,1
0.284482,0.425549,-1
0.472113,0.648173,-1
0.871463,0.776716,1
0.452432,0.0644206,1
0.438922,0.264028,-1
0.624149,0.374548,-1
0.539392,0.417035,-1
0.468723,0.786978,-1
0.65642,0.35035,-1
0.220687,0.910568,1
0.61818,0.856757,1
0.728556,0.337359,-1
0.628181,0.712474,-1
0.231204,0.617147,-1
0.760649,0.278174,1
0.840518,0.78777,1
0.145948,0.320067,1
0.333817,0.841152,1
0.568761,0.0461068,1
0.169449,0.320726,1
0.7253,0.520532,-1
0.381364,0.0759156,1
0.133534,0.1814,1
0.169353,0.447542,1
0.558682,0.39053,-1
0.447425,0.333297,-1
0.654199,0.259277,-1
0.824828,0.492682,1
0.498221,0.390211,-1
0.507383,0.468925,-1
0.281387,0.219542,1
0.423743,0.338823,-1
0.0701468,0.610307,1
0.442507,0.203161,1
0.524926,0.233878,-1
0.814987,0.335434,1
0.518584,0.583002,-1
0.83959,0.382063,1
0.933473,0.484396,1
0.752083,0.860929,1
0.419561,0.27077,-1
0.203913,0.329822,1
0.471983,0.684711,-1
0.699495,0.931823,1
0.126532,0.595409,1
0.682137,0.345211,-1
0.143502,0.329165,1
0.831758,0.258185,1
0.794378,0.17067,1
0.103569,0.398683,1
0.526444,0.248724,-1
0.278235,0.0724389,1
0.612089,0.337079,-1
0.269973,0.325546,-1
0.405035,0.988977,1
0.460541,0.603425,-1
0.263013,0.480355,-1
0.324801,0.590951,-1
0.0597134,0.400751,1
0.199922,0.17038,1
0.495938,0.844766,1
0.0673257,0.397657,1
0.689984,0.618142,-1
0.646618,0.658566,-1
0.535614,0.280591,-1
0.741974,0.344938,-1
0.779596,0.134197,1
0.250582,0.823919,1
0.210949,0.614687,1
0.550374,0.0183208,1
0.286394,0.826245,1
0.499826,0.581568,-1
0.774832,0.914735,1
0.137797,0.620022,1
0.871696,0.651228,1
0.448194,0.629718,-1
0.808924,0.51526,1
0.219889,0.245757,1
0.627955,0.954384,1
0.474372,0.953718,1
0.852161,0.404086,1
0.374877,0.620285,-1
0.701594,0.829599,1
0.614571,0.855458,1
0.0970867,0.492616,1
0.488007,0.0753496,1
0.453901,0.731136,-1
0.466145,0.0974595,1
0.651858,0.9223,1
0.389238,0.28835,-1
0.363827,0.698852,-1
0.717052,0.835597,1
0.18802,0.276959,1
0.279786,0.929333,1
0.834412,0.698366,1
0.766679,0.114857,1
0.119075,0.672185,1
0.844463,0.583318,1
0.458305,0.409586,-1
0.623492,0.448724,-1
0.433306,0.00998228,1
0.856672,0.675715,1
0.764298,0.696118,1
0.319561,0.400401,-1
0.414573,0.705636,-1
0.917223,0.246279,1
0.329375,0.629093,-1
0.465414,0.366304,-1
0.493792,0.700057,-1
0.41857,0.3196,-1
0.166093,0.473618,1
0.873576,0.314771,1
0.841538,0.663323,1
0.852895,0.226825,1
0.817006,0.364023,1
0.62597,0.634937,-1
0.648614,0.500777,-1
0.367455,0.665438,-1
0.473285,0.415992,-1
0.0904539,0.215612,1
0.671501,0.252519,1
0.629045,0.14676,1
0.730023,0.395588,-1
0.226146,0.885229,1
0.199206,0.74606,1
0.395286,0.439218,-1
0.862569,0.411665,1
0.369665,0.714635,-1
0.305075,0.522771,-1
0.716772,0.730356,1
0.151695,0.58352,1
0.307083,0.564037,-1
0.202204,0.554325,1
0.806147,0.334171,1
0.717602,0.776262,1
0.760723,0.15283,1
0.409914,0.151781,1
0.0950496,0.614697,1
0.375837,0.823675,1
0.488654,0.424269,-1
0.611902,0.688134,-1
0.492785,0.324575,-1
0.412049,0.726621,-1
0.719059,0.768757,1
0.574138,0.180431,1
0.323215,0.768639,1
0.918802,0.516162,1
0.615562,0.130793,1
0.823271,0.641125,1
0.340276,0.918819,1
0.339953,0.696388,-1
0.662371,0.0924398,1
0.272313,0.203649,1
0.765058,0.173778,1
0.803031,0.376792,1
0.25724,0.697516,1
0.097198,0.659285,1
0.0955115,0.453182,1
0.516426,0.114216,1
0.257374,0.583765,-1
0.196793,0.303006,1
0.344983,0.0614138,1
0.449826,0.758454,-1
0.781528,0.472709,-1
0.721166,0.470373,-1
0.354329,0.23581,1
0.635035,0.301145,-1
0.5541,0.614414,-1
0.0949229,0.608012,1
0.522377,0.978829,1
0.682022,0.813208,1
0.745627,0.297861,1
0.837061,0.323477,1
0.683849,0.298317,-1
0.410464,0.0288544,1
0.539665,0.25784,-1
0.558782,0.906219,1
0.929257,0.635584,1
0.645461,0.864598,1
0.71937,0.319615,-1
0.735976,0.293807,1
0.272029,0.808601,1
0.150583,0.4821,1
0.217285,0.883747,1
0.487985,0.227854,-1
0.279116,0.834511,1
0.116905,0.412744,1
0.391355,0.800425,1
0.238512,0.841597,1
0.898333,0.431412,1
0.703948,0.403202,-1
0.702045,0.0571327,1
0.839073,0.402099,1
0.0948078,0.714607,1
0.313974,0.212611,1
0.485842,0.200031,1
0.791941,0.410159,1
0.317885,0.770726,1
0.445874,0.468721,-1
0.382142,0.741895,-1
0.462961,0.482765,-1
0.191441,0.787737,1
0.708228,0.208147,1
0.37826,0.873765,1
0.351619,0.317045,-1
0.830572,0.147828,1
0.654173,0.862172,1
0.407556,0.12347,1
0.311614,0.873601,1
0.890163,0.701381,1
0.709459,0.101371,1
0.771716,0.169669,1
0.186658,0.886079,1
0.77582,0.118403,1
0.774854,0.265764,1
0.421563,0.309684,-1
0.859268,0.69611,1
0.604226,0.176698,1
0.279222,0.36849,-1
0.309597,0.376724,-1
0.812027,0.62694,1
0.522488,0.245165,-1
0.685623,0.053534,1
0.65592,0.940495,1
0.940544,0.379813,1
0.524978,0.234341,-1
0.359752,0.488769,-1
0.289655,0.125132,1
0.794078,0.263492,1
0.609635,0.355056,-1
0.638694,0.0608492,1
0.699266,0.82105,1
0.747341,0.335103,-1
0.341594,0.67901,-1
0.514062,0.298755,-1
0.129975,0.314316,1
0.820274,0.747176,1
0.703802,0.735104,1
0.975138,0.556583,1
0.484948,0.58755,-1
0.919343,0.641846,1
0.0282574,0.663919,1
0.320002,0.824989,1
0.413426,0.0608279,1
0.720603,0.126245,1
0.494441,0.0266072,1
0.367183,0.590788,-1
0.67258,0.169808,1
0.470186,0.539514,-1
0.0104286,0.598113,1
0.135416,0.706104,1
0.801495,0.406971,1
0.356616,0.548619,-1
0.369323,0.147512,1
0.413935,0.0875439,1
0.985382,0.573621,1
0.166809,0.426852,1
0.496702,0.972397,1
0.16284,0.406424,1
0.333367,0.292788,-1
0.329298,0.67699,-1
0.337962,0.790814,1
0.152383,0.269341,1
0.631387,0.591364,-1
0.534533,0.517237,-1
0.386388,0.979945,1
0.600235,0.380851,-1
0.526091,0.842864,1
0.340512,0.376908,-1
0.37477,0.200725,1
0.460022,0.577342,-1
0.599691,0.199802,1
0.534815,0.735732,-1
0.101286,0.555821,1
0.958511,0.489488,1
0.349961,0.258831,-1
0.471609,0.483028,-1
0.939244,0.72972,1
0.576705,0.125678,1
0.751205,0.874005,1
0.748636,0.100514,1
0.0270936,0.471953,1
0.978885,0.512838,1
0.112233,0.697558,1
0.603315,0.0392002,1
0.278387,0.175867,1
0.705519,0.103827,1
0.766088,0.183188,1
0.490444,0.579628,-1
0.0879648,0.332184,1
0.573686,0.551492,-1
0.0183931,0.414402,1
0.367582,0.587108,-1
0.379998,0.335877,-1
0.283931,0.16853,1
0.798375,0.884156,1
0.960615,0.423615,1
0.573512,0.061475,1
0.817771,0.582167,1
0.300027,0.0775568,1
0.188717,0.350491,1
0.501977,0.0874257,1
0.784712,0.134622,1
0.60302,0.718637,-1
0.862925,0.664261,1
0.0797053,0.602287,1
0.748541,0.702745,1
0.765737,0.488604,-1
0.916613,0.377508,1
0.850927,0.820128,1
0.730928,0.463265,-1
0.527677,0.20757,-1
0.529522,0.50926,-1
0.624116,0.248718,-1
0.390101,0.856296,1
0.0451909,0.667937,1
0.0635881,0.699761,1
0.180134,0.264844,1
0.4348,0.223785,-1
0.344335,0.861387,1
0.560175,0.870806,1
0.957108,0.605687,1
0.0837195,0.725106,1
0.788963,0.209408,1
0.484139,0.136995,1
0.652518,0.913097,1
0.200616,0.3448,1
0.579627,0.465717,-1
0.329934,0.667059,-1
0.682335,0.661689,-1
0.381964,0.754685,-1
0.454077,0.353451,-1
0.451555,0.0459743,1
0.616262,0.598167,-1
0.0941187,0.414797,1
0.692813,0.590316,-1
0.906591,0.512056,1
0.294088,0.238061,1
0.576573,0.599547,-1
0.259501,0.475465,-1
0.344105,0.882726,1
0.419499,0.472875,-1
0.515647,0.935498,1
0.451027,0.845463,1
0.334961,0.284601,-1
0.830484,0.239887,1
0.126301,0.502104,1
0.78547,0.824152,1
0.59144,0.768268,-1
0.781684,0.741108,1
0.575739,0.765732,-1
0.117626,0.286466,1
0.69084,0.172766,1
0.0371129,0.424916,1
0.582411,0.152465,1
0.366074,0.940787,1
0.534674,0.984692,1
0.354574,0.0683056,1
0.564939,0.195009,1
0.592995,0.123531,1
0.706115,0.877194,1
0.302548,0.472614,-1
0.295825,0.459301,-1
0.375434,0.0210754,1
0.109143,0.592937,1
0.692654,0.282936,-1
0.76172,0.921561,1
0.466748,0.0454742,1
0.227214,0.337065,1
0.358178,0.279201,-1
0.200606,0.115905,1
0.628534,0.812076,1
0.0471989,0.56002,1
0.473531,0.913343,1
0.57167,0.743664,-1
0.560916,0.198642,1
0.946574,0.381404,1
0.494317,0.405121,-1
0.142345,0.198792,1
0.227728,0.864755,1
0.954829,0.511409,1
0.85878,0.192022,1
0.169264,0.716494,1
0.690664,0.359862,-1
0.270524,0.806532,1
0.35539,0.16137,1
0.488174,0.252431,-1
0.380925,0.44977,-1
0.272773,0.176886,1
0.349245,0.760205,1
0.768565,0.463488,-1
0.0948262,0.393157,1
0.547768,0.576637,-1
0.750168,0.612705,-1
0.589522,0.149298,1
0.813394,0.888613,1
0.335241,0.270151,-1
0.102155,0.221609,1
0.262422,0.427874,-1
0.415085,0.640858,-1
0.531581,0.743919,-1
0.49679,0.802771,1
0.718992,0.669045,-1
0.677685,0.0832804,1
0.40552,0.387371,-1
0.149102,0.586736,1
0.683592,0.792487,1
0.490663,0.260532,-1
0.138306,0.657102,1
0.584923,0.183853,1
0.55174,0.20496,-1
0.245285,0.670146,1
0.986725,0.431721,1
0.560778,0.705071,-1
0.560483,0.258808,-1
0.876078,0.38981,1
0.332122,0.299158,-1
0.423596,0.167973,1
0.738206,0.80312,1
0.593596,0.456969,-1
0.0620898,0.698981,1
0.749651,0.341544,-1
0.0762351,0.617051,1
0.171157,0.64249,1
0.884787,0.692298,1
0.45756,0.280257,-1
0.682727,0.949235,1
0.814709,0.243237,1
0.676436,0.743873,1
0.313929,0.506784,-1
0.887042,0.243099,1
0.762373,0.645137,-1
0.618894,0.71572,-1
0.693577,0.795039,1
0.605332,0.0560331,1
0.463568,0.402167,-1
0.961228,0.674966,1
0.661596,0.163338,1
0.366654,0.785243,1
0.516756,0.271644,-1
0.259465,0.433664,-1
0.994922,0.477397,1
0.0716416,0.339655,1
0.901121,0.249333,1
0.447732,0.319423,-1
0.576641,0.598539,-1
0.835923,0.252029,1
0.913497,0.27377,1
0.502844,0.426091,-1
0.465637,0.43905,-1
0.680274,0.879815,1
0.230765,0.143681,1
0.282074,0.929873,1
0.986196,0.541099,1
0.306874,0.0595087,1
0.633722,0.0434061,1
0.105446,0.438151,1
0.469246,0.0284464,1
0.650746,0.383561,-1
0.507275,0.592071,-1
0.287442,0.914664,1
0.294132,0.860012,1
0.953687,0.325844,1
0.435511,0.563455,-1
0.109145,0.479831,1
0.905349,0.682662,1
0.655999,0.0857203,1
0.43445,0.72499,-1
0.401224,0.811424,1
0.70753,0.285839,-1
0.245231,0.726946,1
0.605644,0.829587,1
0.653558,0.611547,-1
0.628463,0.538792,-1
0.596632,0.132658,1
0.525671,0.0753485,1
0.932307,0.489092,1
0.785917,0.863282,1
0.261539,0.35464,-1
0.66935,0.941252,1
0.289004,0.518113,-1
0.567304,0.152735,1
0.430483,0.648976,-1
0.23058,0.390257,-1
0.9293,0.540501,1
0.799334,0.846398,1
0.729863,0.641963,-1
0.302445,0.561707,-1
0.260914,0.407742,-1
0.452527,0.743223,-1
0.848052,0.653242,1
0.729982,0.704924,1
0.560896,0.534077,-1
0.360659,0.321044,-1
0.170285,0.485725,1
0.329559,0.706171,-1
0.6465,0.192669,1
0.211693,0.839218,1
0.10168,0.608165,1
0.411061,0.946435,1
0.495231,0.322133,-1
0.363545,0.84478,1
0.900502,0.398672,1
0.163698,0.563455,1
0.322258,0.118945,1
0.35176,0.87501,1
0.850869,0.336806,1
0.219434,0.853573,1
0.270061,0.402745,-1
0.431489,0.647731,-1
0.655122,0.833958,1
0.621063,0.69595,-1
0.456204,0.316867,-1
0.430902,0.640609,-1
0.260587,0.854423,1
0.667207,0.397159,-1
0.126315,0.756132,1
0.463322,0.771618,-1
0.843485,0.360672,1
0.776124,0.664479,1
0.0946929,0.767529,1
0.810999,0.467245,1
0.654306,0.60005,-1
0.782045,0.139243,1
0.838944,0.726304,1
0.431729,0.00771979,1
0.838549,0.302624,1
0.589383,0.117731,1
0.390224,0.917651,1
0.864353,0.757607,1
0.724946,0.514511,-1
0.279104,0.933423,1
0.377966,0.050696,1
0.0864251,0.443816,1
0.593154,0.221832,-1
0.232476,0.782429,1
0.0492662,0.65335,1
0.0343182,0.371599,1
0.37095,0.52279,-1
0.291087,0.45251,-1
0.352585,0.705063,-1
0.305924,0.875879,1
0.297022,0.393109,-1
0.780448,0.718332,1
0.488242,0.193616,1
0.316436,0.836453,1
0.217679,0.624252,1
0.86942,0.319564,1
0.334697,0.0572438,1
0.353057,0.628928,-1
0.167116,0.17347,1
0.929519,0.561338,1
0.568964,0.713673,-1
0.798149,0.469534,-1
0.216182,0.792658,1
0.32593,0.82403,1
0.47194,0.650478,-1
0.174105,0.743416,1
0.187333,0.574037,1
0.378329,0.222673,1
0.282099,0.52539,-1
0.259315,0.530526,-1
0.375582,0.803606,1
0.624273,0.282677,-1
0.354538,0.823426,1
0.272427,0.753157,1
0.146806,0.155278,1
0.328211,0.105821,1
0.665434,0.268154,-1
0.457982,0.489767,-1
0.502827,0.735318,-1
0.749175,0.0682773,1
0.1144,0.620819,1
0.411987,0.480708,-1
0.36501,0.629611,-1
0.777222,0.102636,1
0.0653917,0.553505,1
0.567214,0.877946,1
0.39213,0.17229,1
0.471805,0.757317,-1
0.106787,0.309041,1
0.369668,0.85458,1
0.899015,0.584892,1
0.682956,0.592148,-1
0.718865,0.743833,1
0.32915,0.660676,-1
0.872184,0.797411,1
0.511136,0.836976,1
0.902144,0.466713,1
0.788963,0.681967,1
0.36336,0.484121,-1
0.25479,0.352757,-1
0.276629,0.923606,1
0.457379,0.0496627,1
0.571157,0.184356,1
0.469058,0.00971076,1
0.977258,0.493219,1
0.139044,0.335681,1
0.280523,0.364953,-1
0.0923429,0.706225,1
0.113159,0.514608,1
0.211395,0.541755,-1
0.974955,0.488454,1
0.338802,0.770709,1
0.845597,0.68293,1
0.840825,0.667125,1
0.508404,0.549788,-1
0.64857,0.0491066,1
0.676916,0.7373,-1
0.783509,0.266731,1
0.631052,0.463215,-1
0.220084,0.194992,1
0.600675,0.931097,1
0.873812,0.552072,1
0.592327,0.923215,1
0.65001,0.251648,-1
0.256897,0.933949,1
0.438672,0.706364,-1
0.637814,0.875325,1
0.596142,0.241647,-1
0.227627,0.306515,1
0.678758,0.936802,1
0.0618763,0.629629,1
0.152608,0.811044,1
0.0384327,0.457136,1
0.43421,0.759256,-1
0.571583,0.37434,-1
0.936557,0.73699,1
0.588363,0.4222,-1
0.513212,0.0836155,1
0.207093,0.410042,1
0.0448975,0.303264,1
0.343579,0.439075,-1
0.597648,0.379876,-1
0.723039,0.630575,-1
0.375688,0.950127,1
0.129031,0.589913,1
0.26137,0.645217,-1
0.546933,0.760301,-1
0.0615324,0.289233,1
0.560567,0.789642,-1
0.162643,0.635394,1
0.429137,0.710747,-1
0.740923,0.705007,1
0.518258,0.151504,1
0.83428,0.518219,1
0.269029,0.534113,-1
0.076214,0.339453,1
0.263047,0.450745,-1
0.603361,0.519613,-1
0.742967,0.0918065,1
0.781938,0.909642,1
0.708375,0.332787,-1
0.669745,0.0418745,1
0.720123,0.244598,1
0.886557,0.282612,1
0.205177,0.824564,1
0.715478,0.783108,1
0.37451,0.032859,1
0.546909,0.534055,-1
0.390925,0.860405,1
0.520302,0.652696,-1
0.488188,0.274198,-1
0.442616,0.0685183,1
0.255181,0.634385,-1
0.366685,0.59319,-1
0.0737091,0.351831,1
0.253633,0.800281,1
0.365594,0.604213,-1
0.242582,0.208974,1
0.699295,0.463089,-1
0.227312,0.734475,1
0.495672,0.241042,-1
0.337244,0.285078,-1
0.321116,0.405628,-1
0.462556,0.698741,-1
0.438548,0.0613563,1
0.206186,0.490233,-1
0.0117869,0.545814,1
0.612257,0.903962,1
0.913109,0.504867,1
0.701424,0.311047,-1
0.347742,0.13669,1
0.430658,0.87223,1
0.0368571,0.575264,1
0.381622,0.084804,1
0.252124,0.56056,-1
0.0657868,0.347302,1
0.185744,0.793875,1
0.212135,0.315513,1
0.90385,0.555147,1
0.538842,0.201453,1
0.732576,0.561531,-1
0.244592,0.858864,1
0.110782,0.75227,1
0.96734,0.597449,1
0.859164,0.717183,1
0.802852,0.312355,1
0.342062,0.65871,-1
0.153438,0.533244,1
0.307736,0.842152,1
0.78266,0.821736,1
0.428345,0.128232,1
0.322564,0.478617,-1
0.583047,0.765599,-1
0.278638,0.165719,1
0.469823,0.0445725,1
0.0938545,0.767038,1
0.426525,0.245018,-1
0.700855,0.284777,-1
0.44801,0.0540065,1
0.645368,0.724856,-1
0.1919,0.270139,1
0.48253,0.464173,-1
0.825719,0.46691,1
0.0986895,0.774251,1
0.948725,0.687439,1
0.774449,0.685136,1
0.4324,0.569409,-1
0.313552,0.125457,1
0.609617,0.0798022,1
0.232383,0.394644,-1
0.491155,0.526586,-1
0.562765,0.09549,1
0.967039,0.516176,1
0.333243,0.970428,1
0.174401,0.353983,1
0.189704,0.474715,1
0.768516,0.871015,1
0.278989,0.441853,-1
0.732073,0.675793,-1
0.353626,0.220191,1
0.415183,0.596503,-1
0.351059,0.0501675,1
0.346342,0.671955,-1
0.123529,0.828717,1
0.443618,0.786776,-1
0.68159,0.324971,-1
0.938985,0.278657,1
0.364614,0.716261,-1
0.236819,0.848583,1
0.149165,0.495905,1
0.0993549,0.767644,1
0.512181,0.916029,1
0.857839,0.233262,1
0.779626,0.747693,1
0.364957,0.488285,-1
0.152855,0.851851,1
0.448928,0.27234,-1
0.0797428,0.407454,1
0.873062,0.379886,1
0.135399,0.483141,1
0.901818,0.362188,1
0.0636066,0.480802,1
0.68908,0.825341,1
0.213863,0.781456,1
0.0942686,0.498054,1
0.96738,0.391544,1
0.329687,0.962144,1
0.738142,0.83536,1
0.429058,0.28714,-1
0.590832,0.231762,-1
0.246451,0.375007,-1
0.319244,0.247457,1
0.781411,0.419464,-1
0.554477,0.0300851,1
0.370201,0.536513,-1
0.494657,0.953261,1
0.661458,0.210691,1
0.036832,0.337672,1
0.383976,0.983327,1
0.557774,0.694777,-1
0.579194,0.540235,-1
0.661556,0.54398,-1
0.771349,0.314931,1
0.81119,0.770053,1
0.82568,0.134191,1
0.581822,0.774349,-1
0.666894,0.519626,-1
0.498772,0.640483,-1
0.688139,0.945278,1
0.831262,0.869468,1
0.204542,0.130731,1
0.970035,0.440399,1
0.625496,0.488155,-1
0.534766,0.357007,-1
0.912807,0.264731,1
0.23927,0.694013,1
0.348025,0.41932,-1
0.545366,0.456106,-1
0.517284,0.343448,-1
0.442475,0.99274,1
0.933605,0.635589,1
0.354894,0.812137,1
0.814732,0.542149,1
0.279703,0.854072,1
0.307894,0.824368,1
0.633843,0.331552,-1
0.750226,0.727243,1
0.866979,0.634647,1
0.807469,0.638191,1
0.667293,0.900436,1
0.93841,0.408304,1
0.372921,0.254693,-1
0.307574,0.201629,1
0.725448,0.795871,1
0.0772948,0.249394,1
0.44079,0.584819,-1
0.642639,0.325267,-1
0.534612,0.0957406,1
0.762377,0.144502,1
0.283515,0.411441,-1
0.483376,0.481046,-1
0.678468,0.202625,1
0.38205,0.42015,-1
0.737767,0.646999,-1
0.0339309,0.660836,1
0.64118,0.734129,-1
0.24331,0.42875,-1
0.545808,0.0974461,1
0.0995873,0.574972,1
0.758989,0.485649,-1
0.826432,0.772983,1
0.481403,0.548767,-1
0.760191,0.3866,-1
0.743987,0.538664,-1
0.538904,0.3117,-1
0.6745,0.614376,-1
0.796555,0.503416,-1
0.18311,0.131666,1
0.811026,0.562455,1
0.363397,0.56391,-1
0.624423,0.348916,-1
0.651523,0.723182,-1
0.300529,0.667515,-1
0.442195,0.0148438,1
0.674556,0.604191,-1
0.904006,0.226452,1
0.609379,0.923963,1
0.474623,0.249021,-1
0.754109,0.53826,-1
0.0681056,0.650155,1
0.562016,0.365124,-1
0.173975,0.665306,1
0.539602,0.341788,-1
0.350736,0.921978,1
0.812117,0.694589,1
0.551939,0.830532,1
0.352401,0.188419,1
0.785747,0.128313,1
0.170208,0.641436,1
0.222223,0.499448,-1
0.493557,0.147508,1
0.642115,0.849596,1
0.526992,0.00448555,1
0.851807,0.267757,1
0.156664,0.784568,1
0.284421,0.809456,1
0.696608,0.555284,-1
0.469129,0.988318,1
0.698125,0.660975,-1
0.468116,0.423975,-1
0.881782,0.794613,1
0.624108,0.266331,-1
0.0945822,0.453545,1
0.804065,0.368272,1
0.635437,0.351582,-1
0.638694,0.302581,-1
0.21477,0.859587,1
0.291242,0.572361,-1
0.44847,0.751213,-1
0.889513,0.472465,1
0.0744151,0.724099,1
0.609486,0.690885,-1
0.17442,0.213304,1
0.14895,0.543156,1
0.0518661,0.328685,1
0.963725,0.407243,1
0.598269,0.1536,1
0.146218,0.580623,1
0.302205,0.667654,-1
0.0867377,0.321584,1
0.537577,0.14363,1
0.631979,0.0830223,1
0.848212,0.665629,1
0.184598,0.122477,1
0.967472,0.469638,1
0.93255,0.633377,1
0.60145,0.963894,1
0.536462,0.0671318,1
0.768013,0.435296,-1
0.863778,0.56894,1
0.493091,0.207791,-1
0.291327,0.150084,1
0.512561,0.657886,-1
0.0867677,0.339869,1
0.701784,0.292646,-1
0.427718,0.39967,-1
0.767413,0.0935725,1
0.906369,0.374142,1
0.645413,0.306674,-1
0.857783,0.28535,1
0.282099,0.916765,1
0.891815,0.320004,1
0.668898,0.126384,1
0.617615,0.0319196,1
0.653217,0.81303,1
0.156044,0.836263,1
0.972018,0.502585,1
0.672118,0.800469,1
0.125006,0.632505,1
0.276963,0.0628053,1
0.614593,0.184882,1
0.0576339,0.660604,1
0.293225,0.455027,-1
0.331455,0.448047,-1
0.0906678,0.543889,1
0.654748,0.609674,-1
0.187966,0.739548,1
0.29033,0.880646,1
0.43512,0.567214,-1
0.0296772,0.507422,1
0.561271,0.607667,-1
0.561462,0.0390766,1
0.537055,0.341717,-1
0.0353069,0.593156,1
0.329331,0.860435,1
0.735299,0.840863,1
0.516504,0.411331,-1
0.22535,0.488932,-1
0.360838,0.434109,-1
0.823726,0.623612,1
0.555531,0.492569,-1
0.305664,0.802865,1
0.427823,0.471609,-1
0.786789,0.639127,1
0.258207,0.547985,-1
0.0757596,0.736086,1
0.504595,0.747227,-1
0.530951,0.372132,-1
0.767175,0.920322,1
0.490798,0.0281612,1
0.303643,0.0696196,1
0.55288,0.899798,1
0.93081,0.731936,1
0.616125,0.391154,-1
0.706191,0.679843,-1
0.167362,0.701671,1
0.905285,0.301281,1
0.847394,0.292972,1
0.102457,0.53571,1
0.500943,0.834574,1
0.153641,0.576214,1
0.699887,0.738255,1
0.745378,0.479303,-1
0.214764,0.703357,1
0.497231,0.971675,1
0.111491,0.484994,1
0.351257,0.611841,-1
0.615539,0.971998,1
0.228343,0.78021,1
0.338418,0.926889,1
0.514188,0.345589,-1
0.388744,0.727711,-1
0.482749,0.216694,-1
0.635442,0.889049,1
0.626233,0.602347,-1
0.576743,0.125516,1
0.579947,0.0821429,1
0.635268,0.883097,1
0.492853,0.647239,-1
0.672701,0.376723,-1
0.545159,0.0794662,1
0.190436,0.273484,1
0.328144,0.838979,1
0.745473,0.365096,-1
0.404271,0.490528,-1
0.598187,0.437556,-1
0.0199307,0.381787,1
0.507064,0.179963,1
0.362658,0.411535,-1
0.863299,0.668757,1
0.497587,0.772363,-1
0.536506,0.743079,-1
0.56138,0.066185,1
0.0990841,0.251108,1
0.399568,0.88417,1
0.782406,0.329353,1
0.471939,0.61568,-1
0.694339,0.918033,1
0.557734,0.289673,-1
0.851565,0.477465,1
0.249912,0.615186,-1
0.352392,0.0625453,1
0.546279,0.493506,-1
0.492134,0.484587,-1
0.329185,0.759864,1
0.165557,0.690633,1
0.419609,0.239203,-1
0.814874,0.254552,1
0.162268,0.697426,1
0.912271,0.513081,1
0.458844,0.11191,1
0.160986,0.237505,1
0.470566,0.638006,-1
0.870617,0.398023,1
0.296584,0.832514,1
0.693362,0.330366,-1
0.478957,0.960187,1
0.442506,0.041775,1
0.940164,0.466251,1
0.534547,0.225058,-1
0.256143,0.50683,-1
0.140709,0.222111,1
0.749346,0.403152,-1
0.76367,0.686086,1
0.10984,0.781675,1
0.745119,0.508348,-1
0.743032,0.288394,1
0.0529733,0.533972,1
0.583505,0.939602,1
0.490275,0.82232,1
0.45239,0.823469,1
0.533778,0.425699,-1
0.305553,0.213367,1
0.567281,0.162624,1
0.500593,0.0461798,1
0.493972,0.695311,-1
0.435479,0.497088,-1
0.314393,0.518565,-1
0.677594,0.429238,-1
0.0493693,0.368358,1
0.509218,0.465362,-1
0.484349,0.212976,-1
0.653715,0.961053,1
0.250147,0.570548,-1
0.155234,0.69557,1
0.767154,0.124827,1
0.571448,0.890511,1
0.338291,0.611569,-1
0.805532,0.356734,1
0.465339,0.750634,-1
0.108682,0.247849,1
0.564895,0.123378,1
0.437795,0.260063,-1
0.960187,0.425135,1
0.554803,0.629807,-1
0.56905,0.645492,-1
0.326184,0.768915,1
0.0661001,0.304723,1
0.599139,0.576313,-1
0.773248,0.189361,1
0.715073,0.700911,-1
0.768508,0.65128,1
0.385619,0.585477,-1
0.370003,0.524453,-1
0.195253,0.527847,1
0.319134,0.390314,-1
0.15102,0.155418,1
0.634358,0.505341,-1
0.781544,0.530598,-1
0.104688,0.441603,1
0.464207,0.00130059,1
0.706454,0.126818,1
0.625177,0.381355,-1
0.455752,0.300609,-1
0.52831,0.00319442,1
0.658163,0.187437,1
0.614287,0.289256,-1
0.21966,0.80789,1
0.709265,0.409039,-1
0.250567,0.76605,1
0.766569,0.0956021,1
0.67554,0.17863,1
0.298951,0.790188,1
0.332723,0.422916,-1
0.805557,0.642271,1
0.526012,0.86733,1
0.547929,0.151152,1
0.525693,0.695816,-1
0.719525,0.32566,-1
0.48999,0.799864,1
0.595937,0.246545,-1
0.929095,0.698507,1
0.210312,0.762225,1
0.272341,0.858641,1
0.765181,0.309826,1
0.385295,0.821645,1
0.462912,0.903638,1
0.204236,0.675351,1
0.600164,0.143218,1
0.270839,0.455458,-1
0.553036,0.00651661,1
0.141001,0.610196,1
0.46947,0.823305,1
0.456567,0.130309,1
0.768503,0.867064,1
0.17526,0.757485,1
0.497761,0.976081,1
0.783738,0.136221,1
0.0759215,0.270709,1
0.517149,0.830837,1
0.258326,0.514138,-1
0.236246,0.602662,-1
0.599858,0.346477,-1
0.808275,0.311624,1
0.612367,0.306358,-1
0.754275,0.570992,-1
0.436738,0.404471,-1
0.613473,0.272438,-1
0.866567,0.162501,1
0.553135,0.556863,-1
0.524355,0.451663,-1
0.486016,0.0478585,1
0.985878,0.590432,1
0.517784,0.859037,1
0.336208,0.134951,1
0.527761,0.536737,-1
0.728865,0.734862,1
0.0711115,0.273716,1
0.740752,0.337475,-1
0.612614,0.915686,1
0.129889,0.731959,1
0.657315,0.256528,-1
0.121466,0.402102,1
0.629507,0.922867,1
0.454535,0.7023,-1
0.252951,0.411763,-1
0.739309,0.658101,-1
0.936947,0.379132,1
0.81172,0.877892,1
0.669562,0.935506,1
0.152175,0.177118,1
0.0752966,0.683747,1
0.804776,0.434126,1
0.34292,0.206262,1
0.347464,0.210942,1
0.536398,0.308803,-1
0.208395,0.226881,1
0.92831,0.561185,1
0.384073,0.584818,-1
0.698121,0.229329,1
0.604785,0.799065,1
0.405265,0.63304,-1
0.189387,0.551229,1
0.570421,0.249897,-1
0.723856,0.45648,-1
0.571293,0.45567,-1
0.305958,0.882174,1
0.43658,0.938036,1
0.794547,0.156858,1
0.457189,0.818789,1
0.891709,0.388895,1
0.403155,0.661222,-1
0.463539,0.477672,-1
0.579154,0.0648686,1
0.856754,0.662469,1
0.498959,0.744006,-1
0.875326,0.54603,1
0.914825,0.5238,1
0.639262,0.916205,1
0.43529,0.552213,-1
0.84599,0.377419,1
0.715311,0.329813,-1
0.38713,0.31781,-1
0.385039,0.59387,-1
0.614104,0.739831,-1
0.101229,0.437742,1
0.467421,0.1927,1
0.36202,0.218139,1
0.502851,0.035382,1
0.474454,0.933399,1
0.525334,0.139966,1
0.630061,0.71089,-1
0.390631,0.679028,-1
0.273801,0.241471,1
0.510387,0.394713,-1
0.476217,0.408959,-1
0.431058,0.0837871,1
0.406121,0.223664,-1
0.577292,0.141682,1
0.663685,0.663488,-1
0.666629,0.451925,-1
0.241826,0.825287,1
0.819393,0.650459,1
0.698095,0.429795,-1
0.0818828,0.227219,1
0.983101,0.526555,1
0.135495,0.734426,1
0.363177,0.194169,1
0.321958,0.217963,1
0.499897,0.943279,1
0.490117,0.449148,-1
0.207253,0.177281,1
0.0892892,0.45911,1
0.424347,0.26036,-1
0.518116,0.100642,1
0.325691,0.479766,-1
0.365937,0.465212,-1
0.303243,0.708331,-1
0.351553,0.630122,-1
0.107999,0.547976,1
0.561685,0.885106,1
0.513372,0.967474,1
0.765951,0.488333,-1
0.161524,0.812509,1
0.443252,0.60531,-1
0.255576,0.169943,1
0.639335,0.185425,1
0.946147,0.336496,1
0.224659,0.771134,1
0.360268,0.561516,-1
0.842642,0.248486,1
0.639939,0.224081,1
0.416435,0.555792,-1
0.486118,0.452793,-1
0.136948,0.54894,1
0.461946,0.00804309,1
0.122457,0.246573,1
0.222262,0.361898,1
0.783111,0.545851,-1
0.641381,0.610466,-1
0.286384,0.54545,-1
0.547203,0.829245,1
0.813326,0.749748,1
0.176244,0.607294,1
0.116524,0.691896,1
0.22448,0.576616,-1
0.885916,0.70789,1
0.928195,0.694217,1
0.380158,0.804337,1
0.708479,0.245235,1
0.468382,0.0203994,1
0.138317,0.269878,1
0.417514,0.905006,1
0.373612,0.135921,1
0.228509,0.322096,1
0.456184,0.929582,1
0.588729,0.337844,-1
0.240706,0.285048,1
0.734337,0.23037,1
0.157708,0.385279,1
0.794608,0.824285,1
0.209202,0.539257,-1
0.921591,0.237799,1
0.368341,0.529272,-1
0.291279,0.183532,1
0.676698,0.215947,1
0.471791,0.644001,-1
0.478003,0.888362,1
0.811525,0.187305,1
0.740824,0.383036,-1
0.464651,0.18174,1
0.205661,0.720806,1
0.662489,0.241782,1
0.540818,0.112869,1
0.0771131,0.504657,1
0.371084,0.302151,-1
0.0890138,0.613902,1
0.107546,0.208944,1
0.451681,0.83257,1
0.723769,0.802721,1
0.350141,0.229399,1
0.937289,0.523166,1
0.518083,0.74495,-1
0.851325,0.159903,1
0.0140028,0.485642,1
0.508359,0.858014,1
0.757423,0.809864,1
0.790204,0.84636,1
0.839865,0.56052,1
0.3518,0.552173,-1
0.0866373,0.621866,1
0.23035,0.147082,1
0.890398,0.590458,1
0.0619665,0.410057,1
0.89401,0.326957,1
0.103967,0.53303,1
0.622264,0.301784,-1
0.2307,0.625997,-1
0.0702128,0.323478,1
0.601145,0.0951304,1
0.586355,0.552534,-1
0.805877,0.528072,1
0.170979,0.724636,1
0.890729,0.405958,1
0.479363,0.268688,-1
0.218981,0.312659,1
0.661209,0.354418,-1
0.816771,0.606089,1
0.336058,0.808551,1
0.199562,0.680274,1
0.214835,0.575297,-1
0.940368,0.434309,1
0.634165,0.944721,1
0.332457,0.625981,-1
0.580214,0.492827,-1
0.870858,0.825492,1
0.434625,0.737468,-1
0.544151,0.846662,1
0.113872,0.661126,1
0.163977,0.346265,1
0.304065,0.433535,-1
0.361983,0.353023,-1
0.816058,0.853051,1
0.113466,0.337935,1
0.615238,0.943662,1
0.481668,0.795778,-1
0.144039,0.503914,1
0.0298461,0.505012,1
0.579037,0.892746,1
0.110724,0.355302,1
0.696907,0.777631,1
0.909672,0.214597,1
0.709861,0.422109,-1
0.405717,0.870311,1
0.206275,0.874825,1
0.661605,0.419015,-1
0.464896,0.870971,1
0.588959,0.907702,1
0.443193,0.0266695,1
0.0684778,0.325145,1
0.201493,0.221528,1
0.80647,0.64633,1
0.204485,0.784471,1
0.46184,0.481934,-1
0.502988,0.703622,-1
0.539416,0.41283,-1
0.1183,0.27918,1
0.413251,0.709429,-1
0.875092,0.796586,1
0.57449,0.210685,-1
0.959905,0.638657,1
0.620006,0.0171683,1
0.446493,0.750489,-1
0.280861,0.874047,1
0.292382,0.604015,-1
0.728528,0.337562,-1
0.803611,0.699143,1
0.968518,0.674008,1
0.953808,0.480815,1
0.675711,0.232524,1
0.755696,0.329977,1
0.400812,0.655939,-1
0.192271,0.819471,1
0.550851,0.575775,-1
0.411184,0.683458,-1
0.692813,0.287792,-1
0.971362,0.552376,1
0.126317,0.782472,1
0.284929,0.910138,1
0.648198,0.831942,1
0.116722,0.195506,1
0.834816,0.805525,1
0.413891,0.435681,-1
0.636864,0.86877,1
0.616612,0.599583,-1
0.500143,0.532343,-1
0.686095,0.58175,-1
0.253296,0.111872,1
0.938618,0.593499,1
0.522549,0.731603,-1
0.366861,0.326652,-1
0.53207,0.338234,-1
0.554582,0.613188,-1
0.405495,0.72924,-1
0.463804,0.347449,-1
0.673677,0.040931,1
0.205182,0.827094,1
0.218213,0.405444,-1
0.862387,0.331265,1
0.437501,0.169987,1
0.874446,0.302285,1
0.526275,0.577671,-1
0.591508,0.8817,1
0.665256,0.390843,-1
0.864825,0.307216,1
0.26595,0.33471,-1
0.509626,0.807251,1
0.186869,0.807474,1
0.645885,0.926681,1
0.922357,0.756839,1
0.926223,0.610264,1
0.521972,0.817071,1
0.686122,0.0430661,1
0.418005,0.491129,-1
0.162515,0.736925,1
0.201659,0.71227,1
0.335181,0.754069,1
0.603463,0.724108,-1
0.224824,0.189598,1
0.237889,0.638328,-1
0.481828,0.180595,1
0.564503,0.635811,-1
0.227611,0.356239,1
0.362303,0.231542,1
0.26157,0.855289,1
0.307413,0.457965,-1
0.468897,0.40504,-1
0.43699,0.344015,-1
0.812236,0.540999,1
0.701463,0.0680589,1
0.797524,0.537507,-1
0.460882,0.515594,-1
0.675428,0.12075,1
0.672417,0.0646465,1
0.145318,0.755948,1
0.713807,0.915688,1
0.586075,0.74079,-1
0.166242,0.814469,1
0.151767,0.302471,1
0.253985,0.764279,1
0.739985,0.894825,1
0.733936,0.434275,-1
0.500465,0.248328,-1
0.699533,0.0687556,1
0.370544,0.360043,-1
0.439842,0.56872,-1
0.899861,0.750437,1
0.957822,0.556541,1
0.592212,0.147991,1
0.67215,0.780977,1
0.890033,0.64849,1
0.93063,0.373585,1
0.675154,0.682212,-1
0.638871,0.519214,-1
0.582782,0.619171,-1
0.646604,0.608019,-1
0.507777,0.881784,1
0.552716,0.0554326,1
0.127607,0.560104,1
0.229058,0.293276,1
0.57304,0.417625,-1
0.63286,0.437077,-1
0.472382,0.607267,-1
0.914812,0.456515,1
0.0853386,0.632659,1
0.593117,0.669892,-1
0.586573,0.533652,-1
0.378113,0.154732,1
0.255345,0.282034,1
0.115125,0.575976,1
0.398664,0.848617,1
0.348033,0.124575,1
0.401199,0.300939,-1
0.557317,0.234843,-1
0.596298,0.0460817,1
0.524454,0.380383,-1
0.488384,0.323133,-1
0.151192,0.788092,1
0.617935,0.699542,-1
0.0282028,0.393341,1
0.559856,0.21339,-1
0.435293,0.833154,1
0.544837,0.850137,1
0.676547,0.445164,-1
0.892912,0.685713,1
0.793045,0.709902,1
0.846574,0.343082,1
0.0523278,0.470546,1
0.638885,0.198986,1
0.417497,0.870957,1
0.50365,0.998146,1
0.172968,0.658068,1
0.641299,0.283484,-1
0.506721,0.572069,-1
0.837649,0.64062,1
0.334224,0.383218,-1
0.741793,0.679551,1
0.706981,0.631537,-1
0.966318,0.331997,1
0.976035,0.492253,1
0.967873,0.528055,1
0.664029,0.8836,1
0.214904,0.796129,1
0.0591279,0.73232,1
0.277538,0.0633644,1
0.288821,0.255281,1
0.969761,0.426666,1
0.650752,0.585989,-1
0.252413,0.383611,-1
0.404293,0.591708,-1
0.664052,0.704331,-1
0.673769,0.357272,-1
0.27663,0.39701,-1
0.443564,0.155437,1
0.858407,0.376057,1
0.891006,0.710421,1
0.413814,0.684643,-1
0.487247,0.758121,-1
0.621945,0.749502,-1
0.0402857,0.495954,1
0.849911,0.394259,1
0.622624,0.213325,1
0.577066,0.525276,-1
0.604784,0.835841,1
0.716489,0.840217,1
0.194414,0.318458,1
0.231602,0.583657,-1
0.817645,0.809621,1
0.281112,0.426988,-1
0.87511,0.325503,1
0.646557,0.330378,-1
0.620127,0.591948,-1
0.661268,0.962919,1
0.212148,0.885338,1
0.635282,0.0217513,1
0.872481,0.425709,1
0.0926301,0.532796,1
0.393885,0.854525,1
0.258017,0.779133,1
0.587875,0.507188,-1
0.194877,0.300098,1
0.7604,0.813288,1
0.399526,0.403389,-1
0.302247,0.709738,-1
0.0388784,0.534758,1
0.631451,0.713547,-1
0.71114,0.218363,1
0.228655,0.318041,1
0.729487,0.140081,1
0.487123,0.923263,1
0.278584,0.326886,-1
0.513117,0.200767,-1
0.911311,0.712633,1
0.214918,0.258606,1
0.270127,0.350169,-1
0.627323,0.066579,1
0.688887,0.379285,-1
0.672673,0.448365,-1
0.268139,0.449823,-1
0.359541,0.391281,-1
0.353823,0.203283,1
0.298241,0.449926,-1
0.0659432,0.398468,1
0.511708,0.510008,-1
0.2786,0.559567,-1
0.578092,0.392611,-1
0.342657,0.902252,1
0.0302961,0.420548,1
0.735373,0.66204,-1
0.622121,0.141874,1
0.460066,0.375027,-1
0.64652,0.0678345,1
0.398613,0.325638,-1
0.291065,0.12232,1
0.599941,0.852775,1
0.44271,0.395677,-1
0.82524,0.799264,1
0.308152,0.829237,1
0.884956,0.310911,1
0.753057,0.359221,-1
0.675482,0.679781,-1
0.197859,0.547476,1
0.277,0.074129,1
0.273028,0.0594032,1
0.567181,0.0506708,1
0.597398,0.710009,-1
0.649565,0.604291,-1
0.236654,0.305533,1
0.646972,0.61849,-1
0.454593,0.24942,-1
0.0500778,0.566986,1
0.889007,0.587141,1
0.674646,0.673534,-1
0.598255,0.966181,1
0.713344,0.141713,1
0.578256,0.715264,-1
0.825551,0.61596,1
0.82763,0.32901,1
0.310959,0.525431,-1
0.786311,0.560211,-1
0.177124,0.480432,1
0.895026,0.715084,1
0.350753,0.141223,1
0.787967,0.810314,1
0.497133,0.761381,-1
0.715747,0.686785,-1
0.545052,0.60593,-1
0.52985,0.207523,-1
0.168215,0.369084,1
0.313525,0.744136,1
0.890602,0.340735,1
0.884891,0.537762,1
0.834359,0.238373,1
0.658361,0.887334,1
0.577555,0.463312,-1
0.830015,0.808449,1
0.153267,0.361266,1
0.162666,0.288693,1
0.773701,0.886675,1
0.249182,0.847862,1
0.301478,0.451855,-1
0.31432,0.259013,1
0.205684,0.649373,1
0.715782,0.365457,-1
0.333028,0.67511,-1
0.921712,0.359855,1
0.183625,0.17509,1
0.569177,0.593663,-1
0.284161,0.54573,-1
0.275008,0.710846,1
0.42932,0.432711,-1
0.801801,0.589396,1
0.542839,0.200155,1
0.930992,0.5779,1
0.0600721,0.564185,1
0.47945,0.292152,-1
0.918345,0.716106,1
0.594277,0.772563,-1
0.208176,0.607978,1
0.498438,0.950738,1
0.657837,0.29517,-1
0.202745,0.339311,1
0.170581,0.277748,1
0.846496,0.184049,1
0.869217,0.710967,1
0.556536,0.352905,-1
0.810743,0.807536,1
0.590513,0.978325,1
0.335739,0.334002,-1
0.759742,0.648235,-1
0.559433,0.494462,-1
0.711951,0.430635,-1
0.790357,0.544394,-1
0.389998,0.244806,-1
0.10363,0.629127,1
0.124302,0.749106,1
0.667481,0.729841,-1
0.297285,0.901139,1
0.921587,0.359201,1
0.709628,0.681236,-1
0.669328,0.0928478,1
0.941751,0.629959,1
0.366333,0.475745,-1
0.373224,0.0437315,1
0.15702,0.787757,1
0.772269,0.11021,1
0.822257,0.251311,1
0.0827022,0.685167,1
0.764313,0.898382,1
0.264219,0.755502,1
0.374204,0.922135,1
0.610097,0.397315,-1
0.574331,0.488999,-1
0.681751,0.754641,1
0.280014,0.255027,1
0.682476,0.401936,-1
0.298018,0.798431,1
0.861904,0.54697,1
0.762725,0.634933,-1
0.505279,0.920123,1
0.279337,0.251835,1
0.937373,0.71829,1
0.5073,0.749429,-1
0.224803,0.298112,1
0.477033,0.966283,1
0.166993,0.586525,1
0.154289,0.175547,1
0.781292,0.644686,1
0.268379,0.176062,1
0.587919,0.451457,-1
0.135907,0.181915,1
0.326143,0.212966,1
0.893423,0.625272,1
0.21882,0.155959,1
0.480791,0.437613,-1
0.974524,0.510589,1
0.423442,0.0912579,1
0.489011,0.408003,-1
0.896866,0.223046,1
0.432663,0.856595,1
0.656783,0.160321,1
0.923908,0.537879,1
0.443912,0.176852,1
0.397877,0.394264,-1
0.844639,0.258884,1
0.51865,0.653587,-1
0.759637,0.251795,1
0.0821094,0.374171,1
0.670031,0.582886,-1
0.932667,0.311128,1
0.726519,0.471958,-1
0.555034,0.697822,-1
0.908135,0.411701,1
